<?xml version="1.0" encoding="UTF-8"?>
<testng-results ignored="0" total="4" passed="2" failed="2" skipped="0">
  <reporter-output>
  </reporter-output>
  <suite started-at="2025-01-10T16:12:31 PKT" name="Default suite" finished-at="2025-01-10T16:19:57 PKT" duration-ms="446609">
    <groups>
    </groups>
    <test started-at="2025-01-10T16:12:31 PKT" name="Default test" finished-at="2025-01-10T16:19:57 PKT" duration-ms="446609">
      <class name="Android.test.SignInTest">
        <test-method is-config="true" signature="configureAppium()[pri:0, instance:Android.test.SignInTest@a9cd3b1]" started-at="2025-01-10T16:12:31 PKT" name="configureAppium" finished-at="2025-01-10T16:12:47 PKT" duration-ms="16161" status="PASS">
          <reporter-output>
          </reporter-output>
        </test-method> <!-- configureAppium -->
        <test-method signature="testLogin()[pri:1, instance:Android.test.SignInTest@a9cd3b1]" started-at="2025-01-10T16:12:47 PKT" name="testLogin" finished-at="2025-01-10T16:13:01 PKT" duration-ms="14419" status="PASS">
          <reporter-output>
          </reporter-output>
        </test-method> <!-- testLogin -->
        <test-method is-config="true" signature="tearDown()[pri:0, instance:Android.test.SignInTest@a9cd3b1]" started-at="2025-01-10T16:13:01 PKT" name="tearDown" finished-at="2025-01-10T16:13:02 PKT" duration-ms="963" status="PASS">
          <reporter-output>
          </reporter-output>
        </test-method> <!-- tearDown -->
        <test-method is-config="true" signature="configureAppium()[pri:0, instance:Android.test.SignInTest@a9cd3b1]" started-at="2025-01-10T16:13:02 PKT" name="configureAppium" finished-at="2025-01-10T16:13:16 PKT" duration-ms="14162" status="PASS">
          <reporter-output>
          </reporter-output>
        </test-method> <!-- configureAppium -->
        <test-method signature="LoginTestWithWrongCreds()[pri:2, instance:Android.test.SignInTest@a9cd3b1]" started-at="2025-01-10T16:13:16 PKT" name="LoginTestWithWrongCreds" finished-at="2025-01-10T16:13:29 PKT" duration-ms="13108" status="PASS">
          <reporter-output>
          </reporter-output>
        </test-method> <!-- LoginTestWithWrongCreds -->
        <test-method is-config="true" signature="tearDown()[pri:0, instance:Android.test.SignInTest@a9cd3b1]" started-at="2025-01-10T16:13:29 PKT" name="tearDown" finished-at="2025-01-10T16:13:31 PKT" duration-ms="1205" status="PASS">
          <reporter-output>
          </reporter-output>
        </test-method> <!-- tearDown -->
      </class> <!-- Android.test.SignInTest -->
      <class name="Android.test.SignUpTest">
        <test-method is-config="true" signature="configureAppium()[pri:0, instance:Android.test.SignUpTest@130161f7]" started-at="2025-01-10T16:13:31 PKT" name="configureAppium" finished-at="2025-01-10T16:13:43 PKT" duration-ms="12151" status="PASS">
          <reporter-output>
          </reporter-output>
        </test-method> <!-- configureAppium -->
        <test-method signature="testSignUp()[pri:1, instance:Android.test.SignUpTest@130161f7]" started-at="2025-01-10T16:13:43 PKT" name="testSignUp" finished-at="2025-01-10T16:16:03 PKT" duration-ms="139959" status="FAIL">
          <exception class="org.openqa.selenium.NoSuchElementException">
            <message>
              <![CDATA[An element could not be located on the page using the given search parameters.
For documentation on this error, please visit: https://www.selenium.dev/documentation/webdriver/troubleshooting/errors#no-such-element-exception
Build info: version: '4.27.0', revision: 'd6e718d134'
System info: os.name: 'Mac OS X', os.arch: 'x86_64', os.version: '15.1.1', java.version: '21.0.5'
Driver info: io.appium.java_client.android.AndroidDriver
Command: [d2cb6af0-9491-4858-b71a-3f94493414a1, findElement {using=xpath, value=//android.widget.EditText[contains(@text, 'Favourite Location')]}]
Capabilities {appium:app: /Users/tk-lpt-979/eclipse-w..., appium:appActivity: com.cafezupasres.co.MainAct..., appium:appPackage: com.cafezupasres.co, appium:automationName: UIAutomator2, appium:databaseEnabled: false, appium:desired: {app: /Users/tk-lpt-979/eclipse-w..., automationName: UIAutomator2, deviceName: FirstMediumEnvAuto, platformName: ANDROID}, appium:deviceApiLevel: 35, appium:deviceManufacturer: Google, appium:deviceModel: sdk_gphone64_x86_64, appium:deviceName: emulator-5554, appium:deviceScreenDensity: 440, appium:deviceScreenSize: 1080x2220, appium:deviceUDID: emulator-5554, appium:javascriptEnabled: true, appium:locationContextEnabled: false, appium:networkConnectionEnabled: true, appium:pixelRatio: 2.75, appium:platformVersion: 15, appium:statBarHeight: 66, appium:takesScreenshot: true, appium:viewportRect: {height: 2154, left: 0, top: 66, width: 1080}, appium:warnings: {}, appium:webStorageEnabled: false, platformName: ANDROID}
Session ID: d2cb6af0-9491-4858-b71a-3f94493414a1]]>
            </message>
            <full-stacktrace>
              <![CDATA[org.openqa.selenium.NoSuchElementException: An element could not be located on the page using the given search parameters.
For documentation on this error, please visit: https://www.selenium.dev/documentation/webdriver/troubleshooting/errors#no-such-element-exception
Build info: version: '4.27.0', revision: 'd6e718d134'
System info: os.name: 'Mac OS X', os.arch: 'x86_64', os.version: '15.1.1', java.version: '21.0.5'
Driver info: io.appium.java_client.android.AndroidDriver
Command: [d2cb6af0-9491-4858-b71a-3f94493414a1, findElement {using=xpath, value=//android.widget.EditText[contains(@text, 'Favourite Location')]}]
Capabilities {appium:app: /Users/tk-lpt-979/eclipse-w..., appium:appActivity: com.cafezupasres.co.MainAct..., appium:appPackage: com.cafezupasres.co, appium:automationName: UIAutomator2, appium:databaseEnabled: false, appium:desired: {app: /Users/tk-lpt-979/eclipse-w..., automationName: UIAutomator2, deviceName: FirstMediumEnvAuto, platformName: ANDROID}, appium:deviceApiLevel: 35, appium:deviceManufacturer: Google, appium:deviceModel: sdk_gphone64_x86_64, appium:deviceName: emulator-5554, appium:deviceScreenDensity: 440, appium:deviceScreenSize: 1080x2220, appium:deviceUDID: emulator-5554, appium:javascriptEnabled: true, appium:locationContextEnabled: false, appium:networkConnectionEnabled: true, appium:pixelRatio: 2.75, appium:platformVersion: 15, appium:statBarHeight: 66, appium:takesScreenshot: true, appium:viewportRect: {height: 2154, left: 0, top: 66, width: 1080}, appium:warnings: {}, appium:webStorageEnabled: false, platformName: ANDROID}
Session ID: d2cb6af0-9491-4858-b71a-3f94493414a1
at java.base/jdk.internal.reflect.DirectConstructorHandleAccessor.newInstance(DirectConstructorHandleAccessor.java:62)
at java.base/java.lang.reflect.Constructor.newInstanceWithCaller(Constructor.java:502)
at java.base/java.lang.reflect.Constructor.newInstance(Constructor.java:486)
at org.openqa.selenium.remote.ErrorCodec.decode(ErrorCodec.java:167)
at org.openqa.selenium.remote.codec.w3c.W3CHttpResponseCodec.decode(W3CHttpResponseCodec.java:138)
at org.openqa.selenium.remote.codec.w3c.W3CHttpResponseCodec.decode(W3CHttpResponseCodec.java:50)
at org.openqa.selenium.remote.HttpCommandExecutor.execute(HttpCommandExecutor.java:190)
at io.appium.java_client.remote.AppiumCommandExecutor.execute(AppiumCommandExecutor.java:237)
at org.openqa.selenium.remote.RemoteWebDriver.execute(RemoteWebDriver.java:545)
at org.openqa.selenium.remote.ElementLocation$ElementFinder$2.findElement(ElementLocation.java:165)
at org.openqa.selenium.remote.ElementLocation.findElement(ElementLocation.java:59)
at org.openqa.selenium.remote.RemoteWebDriver.findElement(RemoteWebDriver.java:368)
at org.openqa.selenium.remote.RemoteWebDriver.findElement(RemoteWebDriver.java:362)
at Android.Pages.SignUpPage.selectFavouriteLocation(SignUpPage.java:70)
at Android.test.SignUpTest.testSignUp(SignUpTest.java:21)
at java.base/jdk.internal.reflect.DirectMethodHandleAccessor.invoke(DirectMethodHandleAccessor.java:103)
at java.base/java.lang.reflect.Method.invoke(Method.java:580)
at org.testng.internal.MethodInvocationHelper.invokeMethod(MethodInvocationHelper.java:133)
at org.testng.internal.TestInvoker.invokeMethod(TestInvoker.java:598)
at org.testng.internal.TestInvoker.invokeTestMethod(TestInvoker.java:173)
at org.testng.internal.MethodRunner.runInSequence(MethodRunner.java:46)
at org.testng.internal.TestInvoker$MethodInvocationAgent.invoke(TestInvoker.java:824)
at org.testng.internal.TestInvoker.invokeTestMethods(TestInvoker.java:146)
at org.testng.internal.TestMethodWorker.invokeTestMethods(TestMethodWorker.java:146)
at org.testng.internal.TestMethodWorker.run(TestMethodWorker.java:128)
at java.base/java.util.ArrayList.forEach(ArrayList.java:1596)
at org.testng.TestRunner.privateRun(TestRunner.java:794)
at org.testng.TestRunner.run(TestRunner.java:596)
at org.testng.SuiteRunner.runTest(SuiteRunner.java:377)
at org.testng.SuiteRunner.runSequentially(SuiteRunner.java:371)
at org.testng.SuiteRunner.privateRun(SuiteRunner.java:332)
at org.testng.SuiteRunner.run(SuiteRunner.java:276)
at org.testng.SuiteRunnerWorker.runSuite(SuiteRunnerWorker.java:53)
at org.testng.SuiteRunnerWorker.run(SuiteRunnerWorker.java:96)
at org.testng.TestNG.runSuitesSequentially(TestNG.java:1212)
at org.testng.TestNG.runSuitesLocally(TestNG.java:1134)
at org.testng.TestNG.runSuites(TestNG.java:1063)
at org.testng.TestNG.run(TestNG.java:1031)
at org.testng.remote.AbstractRemoteTestNG.run(AbstractRemoteTestNG.java:115)
at org.testng.remote.RemoteTestNG.initAndRun(RemoteTestNG.java:293)
at org.testng.remote.RemoteTestNG.main(RemoteTestNG.java:91)
]]>
            </full-stacktrace>
          </exception> <!-- org.openqa.selenium.NoSuchElementException -->
          <reporter-output>
          </reporter-output>
        </test-method> <!-- testSignUp -->
        <test-method is-config="true" signature="tearDown()[pri:0, instance:Android.test.SignUpTest@130161f7]" started-at="2025-01-10T16:16:03 PKT" name="tearDown" finished-at="2025-01-10T16:16:03 PKT" duration-ms="524" status="PASS">
          <reporter-output>
          </reporter-output>
        </test-method> <!-- tearDown -->
        <test-method is-config="true" signature="configureAppium()[pri:0, instance:Android.test.SignUpTest@130161f7]" started-at="2025-01-10T16:16:03 PKT" name="configureAppium" finished-at="2025-01-10T16:16:18 PKT" duration-ms="15093" status="PASS">
          <reporter-output>
          </reporter-output>
        </test-method> <!-- configureAppium -->
        <test-method signature="testSignUpFail()[pri:2, instance:Android.test.SignUpTest@130161f7]" started-at="2025-01-10T16:16:18 PKT" name="testSignUpFail" finished-at="2025-01-10T16:19:55 PKT" duration-ms="216851" status="FAIL">
          <exception class="org.openqa.selenium.NoSuchElementException">
            <message>
              <![CDATA[An element could not be located on the page using the given search parameters.
For documentation on this error, please visit: https://www.selenium.dev/documentation/webdriver/troubleshooting/errors#no-such-element-exception
Build info: version: '4.27.0', revision: 'd6e718d134'
System info: os.name: 'Mac OS X', os.arch: 'x86_64', os.version: '15.1.1', java.version: '21.0.5'
Driver info: io.appium.java_client.android.AndroidDriver
Command: [d2262edd-8038-44d4-8f36-2188c87e0174, findElement {using=xpath, value=//android.widget.TextView[contains(@text, 'AZ - ARROWHEAD')]}]
Capabilities {appium:app: /Users/tk-lpt-979/eclipse-w..., appium:appActivity: com.cafezupasres.co.MainAct..., appium:appPackage: com.cafezupasres.co, appium:automationName: UIAutomator2, appium:databaseEnabled: false, appium:desired: {app: /Users/tk-lpt-979/eclipse-w..., automationName: UIAutomator2, deviceName: FirstMediumEnvAuto, platformName: ANDROID}, appium:deviceApiLevel: 35, appium:deviceManufacturer: Google, appium:deviceModel: sdk_gphone64_x86_64, appium:deviceName: emulator-5554, appium:deviceScreenDensity: 440, appium:deviceScreenSize: 1080x2220, appium:deviceUDID: emulator-5554, appium:javascriptEnabled: true, appium:locationContextEnabled: false, appium:networkConnectionEnabled: true, appium:pixelRatio: 2.75, appium:platformVersion: 15, appium:statBarHeight: 66, appium:takesScreenshot: true, appium:viewportRect: {height: 2154, left: 0, top: 66, width: 1080}, appium:warnings: {}, appium:webStorageEnabled: false, platformName: ANDROID}
Session ID: d2262edd-8038-44d4-8f36-2188c87e0174]]>
            </message>
            <full-stacktrace>
              <![CDATA[org.openqa.selenium.NoSuchElementException: An element could not be located on the page using the given search parameters.
For documentation on this error, please visit: https://www.selenium.dev/documentation/webdriver/troubleshooting/errors#no-such-element-exception
Build info: version: '4.27.0', revision: 'd6e718d134'
System info: os.name: 'Mac OS X', os.arch: 'x86_64', os.version: '15.1.1', java.version: '21.0.5'
Driver info: io.appium.java_client.android.AndroidDriver
Command: [d2262edd-8038-44d4-8f36-2188c87e0174, findElement {using=xpath, value=//android.widget.TextView[contains(@text, 'AZ - ARROWHEAD')]}]
Capabilities {appium:app: /Users/tk-lpt-979/eclipse-w..., appium:appActivity: com.cafezupasres.co.MainAct..., appium:appPackage: com.cafezupasres.co, appium:automationName: UIAutomator2, appium:databaseEnabled: false, appium:desired: {app: /Users/tk-lpt-979/eclipse-w..., automationName: UIAutomator2, deviceName: FirstMediumEnvAuto, platformName: ANDROID}, appium:deviceApiLevel: 35, appium:deviceManufacturer: Google, appium:deviceModel: sdk_gphone64_x86_64, appium:deviceName: emulator-5554, appium:deviceScreenDensity: 440, appium:deviceScreenSize: 1080x2220, appium:deviceUDID: emulator-5554, appium:javascriptEnabled: true, appium:locationContextEnabled: false, appium:networkConnectionEnabled: true, appium:pixelRatio: 2.75, appium:platformVersion: 15, appium:statBarHeight: 66, appium:takesScreenshot: true, appium:viewportRect: {height: 2154, left: 0, top: 66, width: 1080}, appium:warnings: {}, appium:webStorageEnabled: false, platformName: ANDROID}
Session ID: d2262edd-8038-44d4-8f36-2188c87e0174
at java.base/jdk.internal.reflect.DirectConstructorHandleAccessor.newInstance(DirectConstructorHandleAccessor.java:62)
at java.base/java.lang.reflect.Constructor.newInstanceWithCaller(Constructor.java:502)
at java.base/java.lang.reflect.Constructor.newInstance(Constructor.java:486)
at org.openqa.selenium.remote.ErrorCodec.decode(ErrorCodec.java:167)
at org.openqa.selenium.remote.codec.w3c.W3CHttpResponseCodec.decode(W3CHttpResponseCodec.java:138)
at org.openqa.selenium.remote.codec.w3c.W3CHttpResponseCodec.decode(W3CHttpResponseCodec.java:50)
at org.openqa.selenium.remote.HttpCommandExecutor.execute(HttpCommandExecutor.java:190)
at io.appium.java_client.remote.AppiumCommandExecutor.execute(AppiumCommandExecutor.java:237)
at org.openqa.selenium.remote.RemoteWebDriver.execute(RemoteWebDriver.java:545)
at org.openqa.selenium.remote.ElementLocation$ElementFinder$2.findElement(ElementLocation.java:165)
at org.openqa.selenium.remote.ElementLocation.findElement(ElementLocation.java:59)
at org.openqa.selenium.remote.RemoteWebDriver.findElement(RemoteWebDriver.java:368)
at org.openqa.selenium.remote.RemoteWebDriver.findElement(RemoteWebDriver.java:362)
at Android.Pages.SignUpPage.selectFavouriteLocation(SignUpPage.java:71)
at Android.test.SignUpTest.testSignUpFail(SignUpTest.java:47)
at java.base/jdk.internal.reflect.DirectMethodHandleAccessor.invoke(DirectMethodHandleAccessor.java:103)
at java.base/java.lang.reflect.Method.invoke(Method.java:580)
at org.testng.internal.MethodInvocationHelper.invokeMethod(MethodInvocationHelper.java:133)
at org.testng.internal.TestInvoker.invokeMethod(TestInvoker.java:598)
at org.testng.internal.TestInvoker.invokeTestMethod(TestInvoker.java:173)
at org.testng.internal.MethodRunner.runInSequence(MethodRunner.java:46)
at org.testng.internal.TestInvoker$MethodInvocationAgent.invoke(TestInvoker.java:824)
at org.testng.internal.TestInvoker.invokeTestMethods(TestInvoker.java:146)
at org.testng.internal.TestMethodWorker.invokeTestMethods(TestMethodWorker.java:146)
at org.testng.internal.TestMethodWorker.run(TestMethodWorker.java:128)
at java.base/java.util.ArrayList.forEach(ArrayList.java:1596)
at org.testng.TestRunner.privateRun(TestRunner.java:794)
at org.testng.TestRunner.run(TestRunner.java:596)
at org.testng.SuiteRunner.runTest(SuiteRunner.java:377)
at org.testng.SuiteRunner.runSequentially(SuiteRunner.java:371)
at org.testng.SuiteRunner.privateRun(SuiteRunner.java:332)
at org.testng.SuiteRunner.run(SuiteRunner.java:276)
at org.testng.SuiteRunnerWorker.runSuite(SuiteRunnerWorker.java:53)
at org.testng.SuiteRunnerWorker.run(SuiteRunnerWorker.java:96)
at org.testng.TestNG.runSuitesSequentially(TestNG.java:1212)
at org.testng.TestNG.runSuitesLocally(TestNG.java:1134)
at org.testng.TestNG.runSuites(TestNG.java:1063)
at org.testng.TestNG.run(TestNG.java:1031)
at org.testng.remote.AbstractRemoteTestNG.run(AbstractRemoteTestNG.java:115)
at org.testng.remote.RemoteTestNG.initAndRun(RemoteTestNG.java:293)
at org.testng.remote.RemoteTestNG.main(RemoteTestNG.java:91)
]]>
            </full-stacktrace>
          </exception> <!-- org.openqa.selenium.NoSuchElementException -->
          <reporter-output>
          </reporter-output>
        </test-method> <!-- testSignUpFail -->
        <test-method is-config="true" signature="tearDown()[pri:0, instance:Android.test.SignUpTest@130161f7]" started-at="2025-01-10T16:19:55 PKT" name="tearDown" finished-at="2025-01-10T16:19:57 PKT" duration-ms="1966" status="PASS">
          <reporter-output>
          </reporter-output>
        </test-method> <!-- tearDown -->
      </class> <!-- Android.test.SignUpTest -->
    </test> <!-- Default test -->
  </suite> <!-- Default suite -->
</testng-results>
